<?xml version="1.0" encoding="UTF-8"?>
<testng-results total="2" passed="2" failed="0" skipped="0">
  <reporter-output>
  </reporter-output>
  <suite started-at="2019-09-06T11:22:38Z" name="Default suite" finished-at="2019-09-06T11:23:40Z" duration-ms="61451">
    <groups>
    </groups>
    <test started-at="2019-09-06T11:22:38Z" name="Default test" finished-at="2019-09-06T11:23:40Z" duration-ms="61451">
      <class name="com.qa.hubspot.test.ContactsPageTest">
        <test-method is-config="true" signature="setUp()[pri:0, instance:com.qa.hubspot.test.ContactsPageTest@bccb269]" started-at="2019-09-06T16:52:38Z" name="setUp" finished-at="2019-09-06T16:53:03Z" duration-ms="24727" status="PASS">
          <reporter-output>
          </reporter-output>
        </test-method> <!-- setUp -->
        <test-method signature="verifyContactsPageTitle()[pri:1, instance:com.qa.hubspot.test.ContactsPageTest@bccb269]" started-at="2019-09-06T16:53:03Z" name="verifyContactsPageTitle" finished-at="2019-09-06T16:53:03Z" duration-ms="68" status="PASS">
          <reporter-output>
          </reporter-output>
        </test-method> <!-- verifyContactsPageTitle -->
        <test-method is-config="true" signature="tearDown()[pri:0, instance:com.qa.hubspot.test.ContactsPageTest@bccb269]" started-at="2019-09-06T16:53:03Z" name="tearDown" finished-at="2019-09-06T16:53:05Z" duration-ms="2094" status="PASS">
          <reporter-output>
          </reporter-output>
        </test-method> <!-- tearDown -->
        <test-method is-config="true" signature="setUp()[pri:0, instance:com.qa.hubspot.test.ContactsPageTest@bccb269]" started-at="2019-09-06T16:53:05Z" name="setUp" finished-at="2019-09-06T16:53:32Z" duration-ms="27043" status="PASS">
          <reporter-output>
          </reporter-output>
        </test-method> <!-- setUp -->
        <test-method signature="VerifyCreateContact()[pri:2, instance:com.qa.hubspot.test.ContactsPageTest@bccb269]" started-at="2019-09-06T16:53:32Z" name="VerifyCreateContact" finished-at="2019-09-06T16:53:40Z" duration-ms="7268" status="PASS">
          <reporter-output>
          </reporter-output>
        </test-method> <!-- VerifyCreateContact -->
        <test-method is-config="true" signature="tearDown()[pri:0, instance:com.qa.hubspot.test.ContactsPageTest@bccb269]" started-at="2019-09-06T16:53:40Z" name="tearDown" finished-at="2019-09-06T16:53:40Z" duration-ms="222" status="PASS">
          <reporter-output>
          </reporter-output>
        </test-method> <!-- tearDown -->
      </class> <!-- com.qa.hubspot.test.ContactsPageTest -->
    </test> <!-- Default test -->
  </suite> <!-- Default suite -->
</testng-results>
